--------------------------------------------------------------------------------
nrfjprog -f nrf52 --program _build/nrf52840_xxaa.hex --sectorerase --log
nrfjprog verion 9.7.2
--------------------------------------------------------------------------------
FUNCTION: open_dll.
FUNCTION: open_dll.
FUNCTION: enum_emu_snr.
FUNCTION: enum_emu_snr.
FUNCTION: enum_emu_snr.
FUNCTION: enum_emu_snr.
FUNCTION: connect_to_emu_with_snr.
FUNCTION: connect_to_emu_with_snr.
FUNCTION: connect_to_emu_without_snr.
FUNCTION: enum_emu_snr.
Device "NRF52832_XXAA" selected.
FUNCTION: read_device_version.
FUNCTION: read_device_version.
Found SW-DP with ID 0x2BA01477
Found SW-DP with ID 0x2BA01477
Scanning AP map to find all available APs
AP[2]: Stopped AP scan as end of AP map has been reached
AP[0]: AHB-AP (IDR: 0x24770011)
AP[1]: JTAG-AP (IDR: 0x02880000)
Iterating through AP map to find AHB-AP to use
AP[0]: Core found
AP[0]: AHB-AP ROM base: 0xE00FF000
CPUID register: 0x410FC241. Implementer code: 0x41 (ARM)
Found Cortex-M4 r0p1, Little endian.
FPUnit: 6 code (BP) slots and 2 literal slots
CoreSight components:
ROMTbl[0] @ E00FF000
ROMTbl[0][0]: E000E000, CID: B105E00D, PID: 000BB00C SCS-M7
ROMTbl[0][1]: E0001000, CID: B105E00D, PID: 003BB002 DWT
ROMTbl[0][2]: E0002000, CID: B105E00D, PID: 002BB003 FPB
ROMTbl[0][3]: E0000000, CID: B105E00D, PID: 003BB001 ITM
ROMTbl[0][4]: E0040000, CID: B105900D, PID: 000BB9A1 TPIU
ROMTbl[0][5]: E0041000, CID: B105900D, PID: 000BB925 ETM
FUNCTION: readback_status.
FUNCTION: readback_status.
FUNCTION: read_region_0_size_and_source.
FUNCTION: read_region_0_size_and_source.
FUNCTION: erase_page.
FUNCTION: erase_page.
FUNCTION: erase_page.
FUNCTION: erase_page.
FUNCTION: erase_page.
FUNCTION: erase_page.
FUNCTION: erase_page.
FUNCTION: erase_page.
FUNCTION: erase_page.
FUNCTION: erase_page.
FUNCTION: erase_page.
FUNCTION: erase_page.
FUNCTION: erase_page.
FUNCTION: erase_page.
FUNCTION: erase_page.
FUNCTION: erase_page.
FUNCTION: erase_page.
FUNCTION: erase_page.
FUNCTION: erase_page.
FUNCTION: erase_page.
FUNCTION: erase_page.
FUNCTION: erase_page.
FUNCTION: erase_page.
FUNCTION: erase_page.
FUNCTION: erase_page.
FUNCTION: erase_page.
FUNCTION: erase_page.
FUNCTION: erase_page.
FUNCTION: erase_page.
FUNCTION: erase_page.
FUNCTION: erase_page.
FUNCTION: erase_page.
FUNCTION: sys_reset.
FUNCTION: sys_reset.
Reset: Halt core after reset via DEMCR.VC_CORERESET.
Reset: Reset device via AIRCR.SYSRESETREQ.
FUNCTION: power_ram_all.
FUNCTION: power_ram_all.
FUNCTION: is_qspi_init.
FUNCTION: is_qspi_init.
FUNCTION: read_region_0_size_and_source.
FUNCTION: read_region_0_size_and_source.
FUNCTION: disable_bprot.
FUNCTION: disable_bprot.
Reset: Halt core after reset via DEMCR.VC_CORERESET.
Reset: Reset device via AIRCR.SYSRESETREQ.
FUNCTION: write.
FUNCTION: write.
FUNCTION: is_qspi_init.
FUNCTION: is_qspi_init.
FUNCTION: close_dll.
FUNCTION: close_dll.
--------------------------------------------------------------------------------
nrfjprog -f nrf52 --program _build/nrf52840_xxaa.hex --sectorerase --log
nrfjprog verion 9.7.2
--------------------------------------------------------------------------------
FUNCTION: open_dll.
FUNCTION: open_dll.
FUNCTION: enum_emu_snr.
FUNCTION: enum_emu_snr.
FUNCTION: enum_emu_snr.
FUNCTION: enum_emu_snr.
FUNCTION: connect_to_emu_with_snr.
FUNCTION: connect_to_emu_with_snr.
FUNCTION: connect_to_emu_without_snr.
FUNCTION: enum_emu_snr.
Device "NRF52832_XXAA" selected.
FUNCTION: read_device_version.
FUNCTION: read_device_version.
Found SW-DP with ID 0x2BA01477
Found SW-DP with ID 0x2BA01477
Scanning AP map to find all available APs
AP[2]: Stopped AP scan as end of AP map has been reached
AP[0]: AHB-AP (IDR: 0x24770011)
AP[1]: JTAG-AP (IDR: 0x02880000)
Iterating through AP map to find AHB-AP to use
AP[0]: Core found
AP[0]: AHB-AP ROM base: 0xE00FF000
CPUID register: 0x410FC241. Implementer code: 0x41 (ARM)
Found Cortex-M4 r0p1, Little endian.
FPUnit: 6 code (BP) slots and 2 literal slots
CoreSight components:
ROMTbl[0] @ E00FF000
ROMTbl[0][0]: E000E000, CID: B105E00D, PID: 000BB00C SCS-M7
ROMTbl[0][1]: E0001000, CID: B105E00D, PID: 003BB002 DWT
ROMTbl[0][2]: E0002000, CID: B105E00D, PID: 002BB003 FPB
ROMTbl[0][3]: E0000000, CID: B105E00D, PID: 003BB001 ITM
ROMTbl[0][4]: E0040000, CID: B105900D, PID: 000BB9A1 TPIU
ROMTbl[0][5]: E0041000, CID: B105900D, PID: 000BB925 ETM
FUNCTION: readback_status.
FUNCTION: readback_status.
FUNCTION: read_region_0_size_and_source.
FUNCTION: read_region_0_size_and_source.
FUNCTION: erase_page.
FUNCTION: erase_page.
FUNCTION: erase_page.
FUNCTION: erase_page.
FUNCTION: erase_page.
FUNCTION: erase_page.
FUNCTION: erase_page.
FUNCTION: erase_page.
FUNCTION: erase_page.
FUNCTION: erase_page.
FUNCTION: erase_page.
FUNCTION: erase_page.
FUNCTION: erase_page.
FUNCTION: erase_page.
FUNCTION: erase_page.
FUNCTION: erase_page.
FUNCTION: erase_page.
FUNCTION: erase_page.
FUNCTION: erase_page.
FUNCTION: erase_page.
FUNCTION: erase_page.
FUNCTION: erase_page.
FUNCTION: erase_page.
FUNCTION: erase_page.
FUNCTION: erase_page.
FUNCTION: erase_page.
FUNCTION: erase_page.
FUNCTION: erase_page.
FUNCTION: erase_page.
FUNCTION: erase_page.
FUNCTION: erase_page.
FUNCTION: erase_page.
FUNCTION: sys_reset.
FUNCTION: sys_reset.
Reset: Halt core after reset via DEMCR.VC_CORERESET.
Reset: Reset device via AIRCR.SYSRESETREQ.
FUNCTION: power_ram_all.
FUNCTION: power_ram_all.
FUNCTION: is_qspi_init.
FUNCTION: is_qspi_init.
FUNCTION: read_region_0_size_and_source.
FUNCTION: read_region_0_size_and_source.
FUNCTION: disable_bprot.
FUNCTION: disable_bprot.
Reset: Halt core after reset via DEMCR.VC_CORERESET.
Reset: Reset device via AIRCR.SYSRESETREQ.
FUNCTION: write.
FUNCTION: write.
FUNCTION: is_qspi_init.
FUNCTION: is_qspi_init.
FUNCTION: close_dll.
FUNCTION: close_dll.
